<?xml version="1.0" encoding="utf-8" standalone="no"?>
<test-results xmlns:xsi="http://www.w3.org/2001/XMLSchema-instance" xsi:noNamespaceSchemaLocation="nunit_schema_2.5.xsd" name="Pester" total="3" errors="0" failures="0" not-run="0" inconclusive="0" ignored="0" skipped="0" invalid="0" date="2026-04-07" time="02:11:20">
  <environment platform="Linux" cwd="/home/runner/work/CIPP-API/CIPP-API" nunit-version="2.5.8.0" machine-name="runnervm727z3" clr-version="8.0.25" os-version="6.17.0-1008-azure" user="runner" user-domain="" />
  <culture-info current-culture="" current-uiculture="" />
  <test-suite type="TestFixture" name="Pester" executed="True" result="Success" success="True" time="0.8614" asserts="0" description="Pester">
    <results>
      <test-suite type="TestFixture" name="/home/runner/work/CIPP-API/CIPP-API/Tests/GraphHelper/Invoke-CIPPRestMethod.Tests.ps1" executed="True" result="Success" success="True" time="0.8614" asserts="0" description="/home/runner/work/CIPP-API/CIPP-API/Tests/GraphHelper/Invoke-CIPPRestMethod.Tests.ps1">
        <results>
          <test-suite type="TestFixture" name="Invoke-CIPPRestMethod" executed="True" result="Success" success="True" time="0.5466" asserts="0" description="Invoke-CIPPRestMethod">
            <results>
              <test-case description="uses Invoke-RestMethod in legacy mode" name="Invoke-CIPPRestMethod.uses Invoke-RestMethod in legacy mode" time="0.38" asserts="0" success="True" result="Success" executed="True" />
              <test-case description="passes response variable parameters in legacy mode" name="Invoke-CIPPRestMethod.passes response variable parameters in legacy mode" time="0.0309" asserts="0" success="True" result="Success" executed="True" />
              <test-case description="uses HttpClient mode by default instead of Invoke-RestMethod" name="Invoke-CIPPRestMethod.uses HttpClient mode by default instead of Invoke-RestMethod" time="0.087" asserts="0" success="True" result="Success" executed="True" />
            </results>
          </test-suite>
        </results>
      </test-suite>
    </results>
  </test-suite>
</test-results>